2022-06-12 16:08:01.610 [ restartedMain ] - [ INFO  ] [ org.aliuselly.blog_demo.BlogDemoApplication : 55 ] - Starting BlogDemoApplication using Java 14.0.2 on debian with PID 5733 (/home/aliuselly/IdeaProjects/blog_demo/target/classes started by aliuselly in /home/aliuselly/IdeaProjects/blog_demo)
2022-06-12 16:08:01.614 [ restartedMain ] - [ INFO  ] [ org.aliuselly.blog_demo.BlogDemoApplication : 640 ] - No active profile set, falling back to 1 default profile: "default"
2022-06-12 16:08:01.718 [ restartedMain ] - [ INFO  ] [ o.s.b.d.env.DevToolsPropertyDefaultsPostProcessor : 255 ] - Devtools property defaults active! Set 'spring.devtools.add-properties' to 'false' to disable
2022-06-12 16:08:01.719 [ restartedMain ] - [ INFO  ] [ o.s.b.d.env.DevToolsPropertyDefaultsPostProcessor : 255 ] - For additional web related logging consider setting the 'logging.level.web' property to 'DEBUG'
2022-06-12 16:08:03.887 [ restartedMain ] - [ INFO  ] [ o.s.boot.web.embedded.tomcat.TomcatWebServer : 108 ] - Tomcat initialized with port(s): 8080 (http)
2022-06-12 16:08:03.895 [ restartedMain ] - [ INFO  ] [ org.apache.coyote.http11.Http11NioProtocol : 173 ] - Initializing ProtocolHandler ["http-nio-8080"]
2022-06-12 16:08:03.895 [ restartedMain ] - [ INFO  ] [ org.apache.catalina.core.StandardService : 173 ] - Starting service [Tomcat]
2022-06-12 16:08:03.896 [ restartedMain ] - [ INFO  ] [ org.apache.catalina.core.StandardEngine : 173 ] - Starting Servlet engine: [Apache Tomcat/9.0.62]
2022-06-12 16:08:03.944 [ restartedMain ] - [ INFO  ] [ o.a.c.core.ContainerBase.[Tomcat].[localhost].[/] : 173 ] - Initializing Spring embedded WebApplicationContext
2022-06-12 16:08:03.944 [ restartedMain ] - [ INFO  ] [ o.s.b.w.s.c.ServletWebServerApplicationContext : 290 ] - Root WebApplicationContext: initialization completed in 2224 ms
2022-06-12 16:08:04.096 [ restartedMain ] - [ INFO  ] [ c.a.d.s.b.a.DruidDataSourceAutoConfigure : 56 ] - Init DruidDataSource
2022-06-12 16:08:05.157 [ restartedMain ] - [ INFO  ] [ com.alibaba.druid.pool.DruidDataSource : 995 ] - {dataSource-1} inited
2022-06-12 16:08:05.708 [ restartedMain ] - [ INFO  ] [ o.s.b.d.autoconfigure.OptionalLiveReloadServer : 58 ] - LiveReload server is running on port 35729
2022-06-12 16:08:05.720 [ restartedMain ] - [ INFO  ] [ o.s.b.a.web.servlet.WelcomePageHandlerMapping : 53 ] - Adding welcome page: class path resource [static/index.html]
2022-06-12 16:08:05.939 [ restartedMain ] - [ INFO  ] [ org.apache.coyote.http11.Http11NioProtocol : 173 ] - Starting ProtocolHandler ["http-nio-8080"]
2022-06-12 16:08:05.948 [ restartedMain ] - [ INFO  ] [ o.s.boot.web.embedded.tomcat.TomcatWebServer : 220 ] - Tomcat started on port(s): 8080 (http) with context path ''
2022-06-12 16:08:06.090 [ restartedMain ] - [ WARN  ] [ s.d.s.r.operation.OperationImplicitParameterReader : 170 ] - Unable to interpret the implicit parameter configuration with dataType: String, dataTypeClass: class java.lang.Void
2022-06-12 16:08:06.093 [ restartedMain ] - [ WARN  ] [ s.d.s.r.operation.OperationImplicitParameterReader : 170 ] - Unable to interpret the implicit parameter configuration with dataType: String, dataTypeClass: class java.lang.Void
2022-06-12 16:08:06.093 [ restartedMain ] - [ WARN  ] [ s.d.s.r.operation.OperationImplicitParameterReader : 170 ] - Unable to interpret the implicit parameter configuration with dataType: Boolean, dataTypeClass: class java.lang.Void
2022-06-12 16:08:06.094 [ restartedMain ] - [ WARN  ] [ s.d.s.r.operation.OperationImplicitParameterReader : 170 ] - Unable to interpret the implicit parameter configuration with dataType: Long, dataTypeClass: class java.lang.Void
2022-06-12 16:08:06.094 [ restartedMain ] - [ WARN  ] [ s.d.s.r.operation.OperationImplicitParameterReader : 170 ] - Unable to interpret the implicit parameter configuration with dataType: String, dataTypeClass: class java.lang.Void
2022-06-12 16:08:06.095 [ restartedMain ] - [ WARN  ] [ s.d.s.r.operation.OperationImplicitParameterReader : 170 ] - Unable to interpret the implicit parameter configuration with dataType: String, dataTypeClass: class java.lang.Void
2022-06-12 16:08:06.112 [ restartedMain ] - [ WARN  ] [ s.d.s.r.operation.OperationImplicitParameterReader : 170 ] - Unable to interpret the implicit parameter configuration with dataType: String, dataTypeClass: class java.lang.Void
2022-06-12 16:08:06.117 [ restartedMain ] - [ WARN  ] [ s.d.s.r.operation.OperationImplicitParameterReader : 170 ] - Unable to interpret the implicit parameter configuration with dataType: Long, dataTypeClass: class java.lang.Void
2022-06-12 16:08:06.117 [ restartedMain ] - [ WARN  ] [ s.d.s.r.operation.OperationImplicitParameterReader : 170 ] - Unable to interpret the implicit parameter configuration with dataType: Long, dataTypeClass: class java.lang.Void
2022-06-12 16:08:06.121 [ restartedMain ] - [ WARN  ] [ s.d.s.r.operation.OperationImplicitParameterReader : 170 ] - Unable to interpret the implicit parameter configuration with dataType: Long, dataTypeClass: class java.lang.Void
2022-06-12 16:08:06.123 [ restartedMain ] - [ WARN  ] [ s.d.s.r.operation.OperationImplicitParameterReader : 170 ] - Unable to interpret the implicit parameter configuration with dataType: Long, dataTypeClass: class java.lang.Void
2022-06-12 16:08:06.126 [ restartedMain ] - [ WARN  ] [ s.d.s.r.operation.OperationImplicitParameterReader : 170 ] - Unable to interpret the implicit parameter configuration with dataType: Long, dataTypeClass: class java.lang.Void
2022-06-12 16:08:06.129 [ restartedMain ] - [ WARN  ] [ s.d.s.r.operation.OperationImplicitParameterReader : 170 ] - Unable to interpret the implicit parameter configuration with dataType: Long, dataTypeClass: class java.lang.Void
2022-06-12 16:08:06.132 [ restartedMain ] - [ WARN  ] [ s.d.s.r.operation.OperationImplicitParameterReader : 170 ] - Unable to interpret the implicit parameter configuration with dataType: Long, dataTypeClass: class java.lang.Void
2022-06-12 16:08:06.136 [ restartedMain ] - [ WARN  ] [ s.d.s.r.operation.OperationImplicitParameterReader : 170 ] - Unable to interpret the implicit parameter configuration with dataType: String, dataTypeClass: class java.lang.Void
2022-06-12 16:08:06.136 [ restartedMain ] - [ WARN  ] [ s.d.s.r.operation.OperationImplicitParameterReader : 170 ] - Unable to interpret the implicit parameter configuration with dataType: String, dataTypeClass: class java.lang.Void
2022-06-12 16:08:06.137 [ restartedMain ] - [ WARN  ] [ s.d.s.r.operation.OperationImplicitParameterReader : 170 ] - Unable to interpret the implicit parameter configuration with dataType: Boolean, dataTypeClass: class java.lang.Void
2022-06-12 16:08:06.137 [ restartedMain ] - [ WARN  ] [ s.d.s.r.operation.OperationImplicitParameterReader : 170 ] - Unable to interpret the implicit parameter configuration with dataType: Long, dataTypeClass: class java.lang.Void
2022-06-12 16:08:06.138 [ restartedMain ] - [ WARN  ] [ s.d.s.r.operation.OperationImplicitParameterReader : 170 ] - Unable to interpret the implicit parameter configuration with dataType: String, dataTypeClass: class java.lang.Void
2022-06-12 16:08:06.138 [ restartedMain ] - [ WARN  ] [ s.d.s.r.operation.OperationImplicitParameterReader : 170 ] - Unable to interpret the implicit parameter configuration with dataType: String, dataTypeClass: class java.lang.Void
2022-06-12 16:08:06.143 [ restartedMain ] - [ WARN  ] [ s.d.s.r.operation.OperationImplicitParameterReader : 170 ] - Unable to interpret the implicit parameter configuration with dataType: Long, dataTypeClass: class java.lang.Void
2022-06-12 16:08:06.143 [ restartedMain ] - [ WARN  ] [ s.d.s.r.operation.OperationImplicitParameterReader : 170 ] - Unable to interpret the implicit parameter configuration with dataType: String, dataTypeClass: class java.lang.Void
2022-06-12 16:08:06.148 [ restartedMain ] - [ WARN  ] [ s.d.s.r.operation.OperationImplicitParameterReader : 170 ] - Unable to interpret the implicit parameter configuration with dataType: Long, dataTypeClass: class java.lang.Void
2022-06-12 16:08:06.148 [ restartedMain ] - [ WARN  ] [ s.d.s.r.operation.OperationImplicitParameterReader : 170 ] - Unable to interpret the implicit parameter configuration with dataType: String, dataTypeClass: class java.lang.Void
2022-06-12 16:08:06.160 [ restartedMain ] - [ WARN  ] [ s.d.s.r.operation.OperationImplicitParameterReader : 170 ] - Unable to interpret the implicit parameter configuration with dataType: Long, dataTypeClass: class java.lang.Void
2022-06-12 16:08:06.167 [ restartedMain ] - [ WARN  ] [ s.d.s.r.operation.OperationImplicitParameterReader : 170 ] - Unable to interpret the implicit parameter configuration with dataType: Long, dataTypeClass: class java.lang.Void
2022-06-12 16:08:06.175 [ restartedMain ] - [ WARN  ] [ s.d.s.r.operation.OperationImplicitParameterReader : 170 ] - Unable to interpret the implicit parameter configuration with dataType: Long, dataTypeClass: class java.lang.Void
2022-06-12 16:08:06.266 [ restartedMain ] - [ WARN  ] [ s.d.s.r.operation.OperationImplicitParameterReader : 170 ] - Unable to interpret the implicit parameter configuration with dataType: Long, dataTypeClass: class java.lang.Void
2022-06-12 16:08:06.267 [ restartedMain ] - [ WARN  ] [ s.d.s.r.operation.OperationImplicitParameterReader : 170 ] - Unable to interpret the implicit parameter configuration with dataType: String, dataTypeClass: class java.lang.Void
2022-06-12 16:08:06.267 [ restartedMain ] - [ WARN  ] [ s.d.s.r.operation.OperationImplicitParameterReader : 170 ] - Unable to interpret the implicit parameter configuration with dataType: String, dataTypeClass: class java.lang.Void
2022-06-12 16:08:06.268 [ restartedMain ] - [ WARN  ] [ s.d.s.r.operation.OperationImplicitParameterReader : 170 ] - Unable to interpret the implicit parameter configuration with dataType: String, dataTypeClass: class java.lang.Void
2022-06-12 16:08:06.275 [ restartedMain ] - [ WARN  ] [ s.d.s.r.operation.OperationImplicitParameterReader : 170 ] - Unable to interpret the implicit parameter configuration with dataType: String, dataTypeClass: class java.lang.Void
2022-06-12 16:08:06.276 [ restartedMain ] - [ WARN  ] [ s.d.s.r.operation.OperationImplicitParameterReader : 170 ] - Unable to interpret the implicit parameter configuration with dataType: String, dataTypeClass: class java.lang.Void
2022-06-12 16:08:06.277 [ restartedMain ] - [ WARN  ] [ s.d.s.r.operation.OperationImplicitParameterReader : 170 ] - Unable to interpret the implicit parameter configuration with dataType: String, dataTypeClass: class java.lang.Void
2022-06-12 16:08:06.286 [ restartedMain ] - [ WARN  ] [ s.d.s.r.operation.OperationImplicitParameterReader : 170 ] - Unable to interpret the implicit parameter configuration with dataType: Long, dataTypeClass: class java.lang.Void
2022-06-12 16:08:06.293 [ restartedMain ] - [ WARN  ] [ s.d.s.r.operation.OperationImplicitParameterReader : 170 ] - Unable to interpret the implicit parameter configuration with dataType: Long, dataTypeClass: class java.lang.Void
2022-06-12 16:08:06.303 [ restartedMain ] - [ WARN  ] [ s.d.s.r.operation.OperationImplicitParameterReader : 170 ] - Unable to interpret the implicit parameter configuration with dataType: Long, dataTypeClass: class java.lang.Void
2022-06-12 16:08:06.322 [ restartedMain ] - [ INFO  ] [ org.aliuselly.blog_demo.BlogDemoApplication : 61 ] - Started BlogDemoApplication in 5.556 seconds (JVM running for 7.126)
2022-06-12 16:08:13.965 [ http-nio-8080-exec-1 ] - [ INFO  ] [ o.a.c.core.ContainerBase.[Tomcat].[localhost].[/] : 173 ] - Initializing Spring DispatcherServlet 'dispatcherServlet'
2022-06-12 16:08:13.966 [ http-nio-8080-exec-1 ] - [ INFO  ] [ org.springframework.web.servlet.DispatcherServlet : 525 ] - Initializing Servlet 'dispatcherServlet'
2022-06-12 16:08:13.967 [ http-nio-8080-exec-1 ] - [ INFO  ] [ org.springframework.web.servlet.DispatcherServlet : 547 ] - Completed initialization in 1 ms
2022-06-12 16:11:00.612 [ SpringApplicationShutdownHook ] - [ INFO  ] [ com.alibaba.druid.pool.DruidDataSource : 2073 ] - {dataSource-1} closing ...
2022-06-12 16:11:00.616 [ SpringApplicationShutdownHook ] - [ INFO  ] [ com.alibaba.druid.pool.DruidDataSource : 2146 ] - {dataSource-1} closed
2022-06-12 16:11:03.875 [ restartedMain ] - [ INFO  ] [ org.aliuselly.blog_demo.BlogDemoApplication : 55 ] - Starting BlogDemoApplication using Java 14.0.2 on debian with PID 6486 (/home/aliuselly/IdeaProjects/blog_demo/target/classes started by aliuselly in /home/aliuselly/IdeaProjects/blog_demo)
2022-06-12 16:11:03.879 [ restartedMain ] - [ INFO  ] [ org.aliuselly.blog_demo.BlogDemoApplication : 640 ] - No active profile set, falling back to 1 default profile: "default"
2022-06-12 16:11:03.976 [ restartedMain ] - [ INFO  ] [ o.s.b.d.env.DevToolsPropertyDefaultsPostProcessor : 255 ] - Devtools property defaults active! Set 'spring.devtools.add-properties' to 'false' to disable
2022-06-12 16:11:03.978 [ restartedMain ] - [ INFO  ] [ o.s.b.d.env.DevToolsPropertyDefaultsPostProcessor : 255 ] - For additional web related logging consider setting the 'logging.level.web' property to 'DEBUG'
2022-06-12 16:11:05.628 [ restartedMain ] - [ INFO  ] [ o.s.boot.web.embedded.tomcat.TomcatWebServer : 108 ] - Tomcat initialized with port(s): 8080 (http)
2022-06-12 16:11:05.634 [ restartedMain ] - [ INFO  ] [ org.apache.coyote.http11.Http11NioProtocol : 173 ] - Initializing ProtocolHandler ["http-nio-8080"]
2022-06-12 16:11:05.634 [ restartedMain ] - [ INFO  ] [ org.apache.catalina.core.StandardService : 173 ] - Starting service [Tomcat]
2022-06-12 16:11:05.635 [ restartedMain ] - [ INFO  ] [ org.apache.catalina.core.StandardEngine : 173 ] - Starting Servlet engine: [Apache Tomcat/9.0.62]
2022-06-12 16:11:05.674 [ restartedMain ] - [ INFO  ] [ o.a.c.core.ContainerBase.[Tomcat].[localhost].[/] : 173 ] - Initializing Spring embedded WebApplicationContext
2022-06-12 16:11:05.674 [ restartedMain ] - [ INFO  ] [ o.s.b.w.s.c.ServletWebServerApplicationContext : 290 ] - Root WebApplicationContext: initialization completed in 1694 ms
2022-06-12 16:11:05.744 [ restartedMain ] - [ INFO  ] [ c.a.d.s.b.a.DruidDataSourceAutoConfigure : 56 ] - Init DruidDataSource
2022-06-12 16:11:06.204 [ restartedMain ] - [ INFO  ] [ com.alibaba.druid.pool.DruidDataSource : 995 ] - {dataSource-1} inited
2022-06-12 16:11:06.647 [ restartedMain ] - [ INFO  ] [ o.s.b.d.autoconfigure.OptionalLiveReloadServer : 58 ] - LiveReload server is running on port 35729
2022-06-12 16:11:06.660 [ restartedMain ] - [ INFO  ] [ o.s.b.a.web.servlet.WelcomePageHandlerMapping : 53 ] - Adding welcome page: class path resource [static/index.html]
2022-06-12 16:11:06.764 [ restartedMain ] - [ INFO  ] [ org.apache.coyote.http11.Http11NioProtocol : 173 ] - Starting ProtocolHandler ["http-nio-8080"]
2022-06-12 16:11:06.773 [ restartedMain ] - [ INFO  ] [ o.s.boot.web.embedded.tomcat.TomcatWebServer : 220 ] - Tomcat started on port(s): 8080 (http) with context path ''
2022-06-12 16:11:06.897 [ restartedMain ] - [ WARN  ] [ s.d.s.r.operation.OperationImplicitParameterReader : 170 ] - Unable to interpret the implicit parameter configuration with dataType: String, dataTypeClass: class java.lang.Void
2022-06-12 16:11:06.900 [ restartedMain ] - [ WARN  ] [ s.d.s.r.operation.OperationImplicitParameterReader : 170 ] - Unable to interpret the implicit parameter configuration with dataType: String, dataTypeClass: class java.lang.Void
2022-06-12 16:11:06.901 [ restartedMain ] - [ WARN  ] [ s.d.s.r.operation.OperationImplicitParameterReader : 170 ] - Unable to interpret the implicit parameter configuration with dataType: Boolean, dataTypeClass: class java.lang.Void
2022-06-12 16:11:06.902 [ restartedMain ] - [ WARN  ] [ s.d.s.r.operation.OperationImplicitParameterReader : 170 ] - Unable to interpret the implicit parameter configuration with dataType: Long, dataTypeClass: class java.lang.Void
2022-06-12 16:11:06.902 [ restartedMain ] - [ WARN  ] [ s.d.s.r.operation.OperationImplicitParameterReader : 170 ] - Unable to interpret the implicit parameter configuration with dataType: String, dataTypeClass: class java.lang.Void
2022-06-12 16:11:06.903 [ restartedMain ] - [ WARN  ] [ s.d.s.r.operation.OperationImplicitParameterReader : 170 ] - Unable to interpret the implicit parameter configuration with dataType: String, dataTypeClass: class java.lang.Void
2022-06-12 16:11:06.920 [ restartedMain ] - [ WARN  ] [ s.d.s.r.operation.OperationImplicitParameterReader : 170 ] - Unable to interpret the implicit parameter configuration with dataType: String, dataTypeClass: class java.lang.Void
2022-06-12 16:11:06.925 [ restartedMain ] - [ WARN  ] [ s.d.s.r.operation.OperationImplicitParameterReader : 170 ] - Unable to interpret the implicit parameter configuration with dataType: Long, dataTypeClass: class java.lang.Void
2022-06-12 16:11:06.926 [ restartedMain ] - [ WARN  ] [ s.d.s.r.operation.OperationImplicitParameterReader : 170 ] - Unable to interpret the implicit parameter configuration with dataType: Long, dataTypeClass: class java.lang.Void
2022-06-12 16:11:06.929 [ restartedMain ] - [ WARN  ] [ s.d.s.r.operation.OperationImplicitParameterReader : 170 ] - Unable to interpret the implicit parameter configuration with dataType: Long, dataTypeClass: class java.lang.Void
2022-06-12 16:11:06.932 [ restartedMain ] - [ WARN  ] [ s.d.s.r.operation.OperationImplicitParameterReader : 170 ] - Unable to interpret the implicit parameter configuration with dataType: Long, dataTypeClass: class java.lang.Void
2022-06-12 16:11:06.935 [ restartedMain ] - [ WARN  ] [ s.d.s.r.operation.OperationImplicitParameterReader : 170 ] - Unable to interpret the implicit parameter configuration with dataType: Long, dataTypeClass: class java.lang.Void
2022-06-12 16:11:06.937 [ restartedMain ] - [ WARN  ] [ s.d.s.r.operation.OperationImplicitParameterReader : 170 ] - Unable to interpret the implicit parameter configuration with dataType: Long, dataTypeClass: class java.lang.Void
2022-06-12 16:11:06.940 [ restartedMain ] - [ WARN  ] [ s.d.s.r.operation.OperationImplicitParameterReader : 170 ] - Unable to interpret the implicit parameter configuration with dataType: Long, dataTypeClass: class java.lang.Void
2022-06-12 16:11:06.945 [ restartedMain ] - [ WARN  ] [ s.d.s.r.operation.OperationImplicitParameterReader : 170 ] - Unable to interpret the implicit parameter configuration with dataType: String, dataTypeClass: class java.lang.Void
2022-06-12 16:11:06.945 [ restartedMain ] - [ WARN  ] [ s.d.s.r.operation.OperationImplicitParameterReader : 170 ] - Unable to interpret the implicit parameter configuration with dataType: String, dataTypeClass: class java.lang.Void
2022-06-12 16:11:06.946 [ restartedMain ] - [ WARN  ] [ s.d.s.r.operation.OperationImplicitParameterReader : 170 ] - Unable to interpret the implicit parameter configuration with dataType: Boolean, dataTypeClass: class java.lang.Void
2022-06-12 16:11:06.946 [ restartedMain ] - [ WARN  ] [ s.d.s.r.operation.OperationImplicitParameterReader : 170 ] - Unable to interpret the implicit parameter configuration with dataType: Long, dataTypeClass: class java.lang.Void
2022-06-12 16:11:06.947 [ restartedMain ] - [ WARN  ] [ s.d.s.r.operation.OperationImplicitParameterReader : 170 ] - Unable to interpret the implicit parameter configuration with dataType: String, dataTypeClass: class java.lang.Void
2022-06-12 16:11:06.947 [ restartedMain ] - [ WARN  ] [ s.d.s.r.operation.OperationImplicitParameterReader : 170 ] - Unable to interpret the implicit parameter configuration with dataType: String, dataTypeClass: class java.lang.Void
2022-06-12 16:11:06.951 [ restartedMain ] - [ WARN  ] [ s.d.s.r.operation.OperationImplicitParameterReader : 170 ] - Unable to interpret the implicit parameter configuration with dataType: Long, dataTypeClass: class java.lang.Void
2022-06-12 16:11:06.951 [ restartedMain ] - [ WARN  ] [ s.d.s.r.operation.OperationImplicitParameterReader : 170 ] - Unable to interpret the implicit parameter configuration with dataType: String, dataTypeClass: class java.lang.Void
2022-06-12 16:11:06.956 [ restartedMain ] - [ WARN  ] [ s.d.s.r.operation.OperationImplicitParameterReader : 170 ] - Unable to interpret the implicit parameter configuration with dataType: Long, dataTypeClass: class java.lang.Void
2022-06-12 16:11:06.956 [ restartedMain ] - [ WARN  ] [ s.d.s.r.operation.OperationImplicitParameterReader : 170 ] - Unable to interpret the implicit parameter configuration with dataType: String, dataTypeClass: class java.lang.Void
2022-06-12 16:11:06.964 [ restartedMain ] - [ WARN  ] [ s.d.s.r.operation.OperationImplicitParameterReader : 170 ] - Unable to interpret the implicit parameter configuration with dataType: Long, dataTypeClass: class java.lang.Void
2022-06-12 16:11:06.969 [ restartedMain ] - [ WARN  ] [ s.d.s.r.operation.OperationImplicitParameterReader : 170 ] - Unable to interpret the implicit parameter configuration with dataType: Long, dataTypeClass: class java.lang.Void
2022-06-12 16:11:06.974 [ restartedMain ] - [ WARN  ] [ s.d.s.r.operation.OperationImplicitParameterReader : 170 ] - Unable to interpret the implicit parameter configuration with dataType: Long, dataTypeClass: class java.lang.Void
2022-06-12 16:11:07.030 [ restartedMain ] - [ WARN  ] [ s.d.s.r.operation.OperationImplicitParameterReader : 170 ] - Unable to interpret the implicit parameter configuration with dataType: Long, dataTypeClass: class java.lang.Void
2022-06-12 16:11:07.030 [ restartedMain ] - [ WARN  ] [ s.d.s.r.operation.OperationImplicitParameterReader : 170 ] - Unable to interpret the implicit parameter configuration with dataType: String, dataTypeClass: class java.lang.Void
2022-06-12 16:11:07.030 [ restartedMain ] - [ WARN  ] [ s.d.s.r.operation.OperationImplicitParameterReader : 170 ] - Unable to interpret the implicit parameter configuration with dataType: String, dataTypeClass: class java.lang.Void
2022-06-12 16:11:07.031 [ restartedMain ] - [ WARN  ] [ s.d.s.r.operation.OperationImplicitParameterReader : 170 ] - Unable to interpret the implicit parameter configuration with dataType: String, dataTypeClass: class java.lang.Void
2022-06-12 16:11:07.036 [ restartedMain ] - [ WARN  ] [ s.d.s.r.operation.OperationImplicitParameterReader : 170 ] - Unable to interpret the implicit parameter configuration with dataType: String, dataTypeClass: class java.lang.Void
2022-06-12 16:11:07.036 [ restartedMain ] - [ WARN  ] [ s.d.s.r.operation.OperationImplicitParameterReader : 170 ] - Unable to interpret the implicit parameter configuration with dataType: String, dataTypeClass: class java.lang.Void
2022-06-12 16:11:07.037 [ restartedMain ] - [ WARN  ] [ s.d.s.r.operation.OperationImplicitParameterReader : 170 ] - Unable to interpret the implicit parameter configuration with dataType: String, dataTypeClass: class java.lang.Void
2022-06-12 16:11:07.045 [ restartedMain ] - [ WARN  ] [ s.d.s.r.operation.OperationImplicitParameterReader : 170 ] - Unable to interpret the implicit parameter configuration with dataType: Long, dataTypeClass: class java.lang.Void
2022-06-12 16:11:07.052 [ restartedMain ] - [ WARN  ] [ s.d.s.r.operation.OperationImplicitParameterReader : 170 ] - Unable to interpret the implicit parameter configuration with dataType: Long, dataTypeClass: class java.lang.Void
2022-06-12 16:11:07.062 [ restartedMain ] - [ WARN  ] [ s.d.s.r.operation.OperationImplicitParameterReader : 170 ] - Unable to interpret the implicit parameter configuration with dataType: Long, dataTypeClass: class java.lang.Void
2022-06-12 16:11:07.082 [ restartedMain ] - [ INFO  ] [ org.aliuselly.blog_demo.BlogDemoApplication : 61 ] - Started BlogDemoApplication in 3.788 seconds (JVM running for 4.71)
2022-06-12 16:11:09.253 [ http-nio-8080-exec-1 ] - [ INFO  ] [ o.a.c.core.ContainerBase.[Tomcat].[localhost].[/] : 173 ] - Initializing Spring DispatcherServlet 'dispatcherServlet'
2022-06-12 16:11:09.254 [ http-nio-8080-exec-1 ] - [ INFO  ] [ org.springframework.web.servlet.DispatcherServlet : 525 ] - Initializing Servlet 'dispatcherServlet'
2022-06-12 16:11:09.255 [ http-nio-8080-exec-1 ] - [ INFO  ] [ org.springframework.web.servlet.DispatcherServlet : 547 ] - Completed initialization in 1 ms
2022-06-12 16:12:29.121 [ SpringApplicationShutdownHook ] - [ INFO  ] [ com.alibaba.druid.pool.DruidDataSource : 2073 ] - {dataSource-1} closing ...
2022-06-12 16:12:29.125 [ SpringApplicationShutdownHook ] - [ INFO  ] [ com.alibaba.druid.pool.DruidDataSource : 2146 ] - {dataSource-1} closed
